O O
O
O
O
O O
O O
O O
O
O O O
O
O
O O O O O
O O
O O O O O O
O O O O O O
O O O O O O O O O O
O O O O O O O O
O O O O O
O O O O
O O O O O
O O O O O
O O O O O
O O O O O O
O O O
O O O O
O O O O
O O O
O O O
O O O O O O
O O O O O O
O O O O O O
O O O O O O
O O O O O
O O O O O
O O O O O O O
O O O O O O O
O O O O O O
O O O O O O
O O O O O O
O O O O O
O O O O O O
O O O O O
O O O O O
O O O O O
O O O
O O O
O O O O
O O O O O
O O O O O O
O O O O O
O
O
O
O O
O O
O O
O
O
O
O
O
O O O O
O O O O
O O O O O O O O O O O O
O O O O O O
O O O O O
O O O O O O O O
O O O O O O O
O
O
O O
O O
O O
O O
O O B_username I_username
B_username
B_username I_username
B_username O
O O B_username
B_address I_address O B_address O B_address
O O B_address O B_address O B_address
B_address I_address O B_address I_address I_address O B_address O
O O O B_address I_address O B_address O B_address O B_address
B_address O B_address O B_address O B_address
O
O
O
O O O O O O
O O O
O O
